> fast_curves_search(data);
1
1
1
1
1
1
1
1
1
1
1
1
1
1
1
1
1
1
1
1
1
1
1
1
1
1
1
1
1
1
1
1
1
1
1
1
1
1
1
1
1
1
1
1
1
1

fast_curves_search(
    odd_deg_models: [ 24*x^5 - 51*x^4 + 38*x^3 - 9*x^2 - 2*x + 1, 8*x^5 - 3*x^4 
    ...
)
In file "search_fast_ms_org.m", line 488, column 17:
>>          if val ne 1 then ^M
                   ^
Runtime error: Bad argument types
Argument types given: GrpAb, RngIntElt

> load "search_fast_ms_org.m";
Loading "search_fast_ms_org.m"
> load "curves_Ran1.m";
Loading "curves_Ran1.m"
> data := [data[i]: i in [40..#data]];
> fast_curves_search(data);
1
1
1
1
1
1
1
1
1
1
1
1
1
1
1
1
1
1
1
1
1
1
1
1
1
1
1
1
1
1
1
1
1
1
1
1
1
1
1
1
1
1
1
1
1
1
1
1
1
1
1
1
1
1
1
1
1
1
1
1
1
1
1
1
1
1
1
1
1
1
1
1
1
1
1
1
1
1
1
1
1
1
1
1
1
1
1
1
1
1
1
1
1
1
1
1
1
1
1
1
1
1
1
1
1
1
1
1
1
1
1
1
1
1
1
1
1
1
1
1
1
1
1

[Interrupted]
> exit
> ;

Total time: 238.500 seconds, Total memory usage: 129.56MB
